<?xml version="1.0" encoding="UTF-8"?>
<testsuite xmlns:xsi="http://www.w3.org/2001/XMLSchema-instance" xsi:noNamespaceSchemaLocation="https://maven.apache.org/surefire/maven-surefire-plugin/xsd/surefire-test-report-3.0.xsd" version="3.0" name="com.example.ecommerce.EcommerceApplicationTests" time="23.73" tests="1" errors="0" skipped="0" failures="0">
  <properties>
[...]
</properties>
  <testcase name="authAndProductFlow" classname="com.example.ecommerce.EcommerceApplicationTests" time="3.093">
    <system-out><![CDATA[19:33:19.136 [main] INFO org.springframework.test.context.support.AnnotationConfigContextLoaderUtils -- Could not detect default configuration classes for test class [com.example.ecommerce.EcommerceApplicationTests]: EcommerceApplicationTests does not declare any static, non-private, non-final, nested classes annotated with @Configuration.
19:33:19.501 [main] INFO org.springframework.boot.test.context.SpringBootTestContextBootstrapper -- Found @SpringBootConfiguration com.example.ecommerce.EcommerceApplication for test class com.example.ecommerce.EcommerceApplicationTests

  .   ____          _            __ _ _
 /\\ / ___'_ __ _ _(_)_ __  __ _ \ \ \ \
( ( )\___ | '_ | '_| | '_ \/ _` | \ \ \ \
 \\/  ___)| |_)| | | | | || (_| |  ) ) ) )
  '  |____| .__|_| |_|_| |_\__, | / / / /
 =========|_|==============|___/=/_/_/_/
 :: Spring Boot ::                (v3.1.4)

2026-05-12T19:33:20.948+05:30  INFO 4900 --- [           main] c.e.ecommerce.EcommerceApplicationTests  : Starting EcommerceApplicationTests using Java 21.0.11 with PID 4900 (started by aashi in C:\Users\aashi\OneDrive\Desktop\E-Commerce\backend\ecommerce-springboot)
2026-05-12T19:33:20.956+05:30  INFO 4900 --- [           main] c.e.ecommerce.EcommerceApplicationTests  : No active profile set, falling back to 1 default profile: "default"
2026-05-12T19:33:23.425+05:30  INFO 4900 --- [           main] .s.d.r.c.RepositoryConfigurationDelegate : Bootstrapping Spring Data JPA repositories in DEFAULT mode.
2026-05-12T19:33:23.712+05:30  INFO 4900 --- [           main] .s.d.r.c.RepositoryConfigurationDelegate : Finished Spring Data repository scanning in 263 ms. Found 8 JPA repository interfaces.
2026-05-12T19:33:26.208+05:30  INFO 4900 --- [           main] o.s.b.w.embedded.tomcat.TomcatWebServer  : Tomcat initialized with port(s): 0 (http)
2026-05-12T19:33:26.243+05:30  INFO 4900 --- [           main] o.apache.catalina.core.StandardService   : Starting service [Tomcat]
2026-05-12T19:33:26.243+05:30  INFO 4900 --- [           main] o.apache.catalina.core.StandardEngine    : Starting Servlet engine: [Apache Tomcat/10.1.13]
2026-05-12T19:33:26.887+05:30  INFO 4900 --- [           main] o.a.c.c.C.[Tomcat].[localhost].[/]       : Initializing Spring embedded WebApplicationContext
2026-05-12T19:33:26.901+05:30  INFO 4900 --- [           main] w.s.c.ServletWebServerApplicationContext : Root WebApplicationContext: initialization completed in 5866 ms
2026-05-12T19:33:27.699+05:30  INFO 4900 --- [           main] o.f.c.internal.license.VersionPrinter    : Flyway Community Edition 9.16.3 by Redgate
2026-05-12T19:33:27.699+05:30  INFO 4900 --- [           main] o.f.c.internal.license.VersionPrinter    : See release notes here: https://rd.gt/416ObMi
2026-05-12T19:33:27.699+05:30  INFO 4900 --- [           main] o.f.c.internal.license.VersionPrinter    : 
2026-05-12T19:33:27.738+05:30  INFO 4900 --- [           main] com.zaxxer.hikari.HikariDataSource       : HikariPool-1 - Starting...
2026-05-12T19:33:28.321+05:30  INFO 4900 --- [           main] com.zaxxer.hikari.pool.HikariPool        : HikariPool-1 - Added connection conn0: url=jdbc:h2:mem:ecommercedb user=SA
2026-05-12T19:33:28.330+05:30  INFO 4900 --- [           main] com.zaxxer.hikari.HikariDataSource       : HikariPool-1 - Start completed.
2026-05-12T19:33:28.381+05:30  INFO 4900 --- [           main] o.f.c.i.database.base.BaseDatabaseType   : Database: jdbc:h2:mem:ecommercedb (H2 2.1)
2026-05-12T19:33:28.627+05:30  INFO 4900 --- [           main] o.f.c.i.s.JdbcTableSchemaHistory         : Schema history table "PUBLIC"."flyway_schema_history" does not exist yet
2026-05-12T19:33:28.642+05:30  INFO 4900 --- [           main] o.f.core.internal.command.DbValidate     : Successfully validated 3 migrations (execution time 00:00.057s)
2026-05-12T19:33:28.663+05:30  INFO 4900 --- [           main] o.f.c.i.s.JdbcTableSchemaHistory         : Creating Schema History table "PUBLIC"."flyway_schema_history" ...
2026-05-12T19:33:28.736+05:30  INFO 4900 --- [           main] o.f.core.internal.command.DbMigrate      : Current version of schema "PUBLIC": << Empty Schema >>
2026-05-12T19:33:28.770+05:30  INFO 4900 --- [           main] o.f.core.internal.command.DbMigrate      : Migrating schema "PUBLIC" to version "1 - initial create"
2026-05-12T19:33:28.832+05:30  INFO 4900 --- [           main] o.f.core.internal.command.DbMigrate      : Migrating schema "PUBLIC" to version "2 - add checkout addresses"
2026-05-12T19:33:28.851+05:30  INFO 4900 --- [           main] o.f.core.internal.command.DbMigrate      : Migrating schema "PUBLIC" to version "3 - widen user photourl"
2026-05-12T19:33:28.863+05:30  INFO 4900 --- [           main] o.f.core.internal.command.DbMigrate      : Successfully applied 3 migrations to schema "PUBLIC", now at version v3 (execution time 00:00.136s)
2026-05-12T19:33:29.168+05:30  INFO 4900 --- [           main] o.hibernate.jpa.internal.util.LogHelper  : HHH000204: Processing PersistenceUnitInfo [name: default]
2026-05-12T19:33:29.408+05:30  INFO 4900 --- [           main] org.hibernate.Version                    : HHH000412: Hibernate ORM core version 6.2.9.Final
2026-05-12T19:33:29.423+05:30  INFO 4900 --- [           main] org.hibernate.cfg.Environment            : HHH000406: Using bytecode reflection optimizer
2026-05-12T19:33:29.907+05:30  INFO 4900 --- [           main] o.h.b.i.BytecodeProviderInitiator        : HHH000021: Bytecode provider name : bytebuddy
2026-05-12T19:33:30.445+05:30  INFO 4900 --- [           main] o.s.o.j.p.SpringPersistenceUnitInfo      : No LoadTimeWeaver setup: ignoring JPA class transformer
2026-05-12T19:33:31.231+05:30  INFO 4900 --- [           main] o.h.b.i.BytecodeProviderInitiator        : HHH000021: Bytecode provider name : bytebuddy
2026-05-12T19:33:33.538+05:30  INFO 4900 --- [           main] o.h.e.t.j.p.i.JtaPlatformInitiator       : HHH000490: Using JtaPlatform implementation: [org.hibernate.engine.transaction.jta.platform.internal.NoJtaPlatform]
2026-05-12T19:33:33.619+05:30  INFO 4900 --- [           main] j.LocalContainerEntityManagerFactoryBean : Initialized JPA EntityManagerFactory for persistence unit 'default'
2026-05-12T19:33:35.771+05:30  WARN 4900 --- [           main] JpaBaseConfiguration$JpaWebConfiguration : spring.jpa.open-in-view is enabled by default. Therefore, database queries may be performed during view rendering. Explicitly configure spring.jpa.open-in-view to disable this warning
2026-05-12T19:33:36.936+05:30  INFO 4900 --- [           main] o.s.s.web.DefaultSecurityFilterChain     : Will secure any request with [org.springframework.security.web.session.DisableEncodeUrlFilter@7ec01440, org.springframework.security.web.context.request.async.WebAsyncManagerIntegrationFilter@6ed87b1c, org.springframework.security.web.context.SecurityContextHolderFilter@5c940e28, org.springframework.security.web.header.HeaderWriterFilter@137a70f1, org.springframework.web.filter.CorsFilter@490dfe25, org.springframework.security.web.authentication.logout.LogoutFilter@1046aaa4, com.example.ecommerce.security.JwtAuthenticationFilter@73eaae1e, org.springframework.security.web.authentication.www.BasicAuthenticationFilter@484b187c, org.springframework.security.web.savedrequest.RequestCacheAwareFilter@41f3f64, org.springframework.security.web.servletapi.SecurityContextHolderAwareRequestFilter@3956df0a, org.springframework.security.web.authentication.AnonymousAuthenticationFilter@7aff1db3, org.springframework.security.web.session.SessionManagementFilter@c50d1b2, org.springframework.security.web.access.ExceptionTranslationFilter@7b6e196e, org.springframework.security.web.access.intercept.AuthorizationFilter@6b3a1151]
2026-05-12T19:33:37.793+05:30  INFO 4900 --- [           main] o.s.b.w.embedded.tomcat.TomcatWebServer  : Tomcat started on port(s): 57399 (http) with context path ''
2026-05-12T19:33:37.809+05:30  INFO 4900 --- [           main] c.e.ecommerce.EcommerceApplicationTests  : Started EcommerceApplicationTests in 17.877 seconds (process running for 20.926)
2026-05-12T19:33:38.845+05:30 DEBUG 4900 --- [           main] org.hibernate.SQL                        : select count(*) from user_profiles u1_0
Hibernate: select count(*) from user_profiles u1_0
2026-05-12T19:33:38.871+05:30 DEBUG 4900 --- [           main] org.hibernate.SQL                        : select count(*) from products p1_0
Hibernate: select count(*) from products p1_0
2026-05-12T19:33:38.881+05:30 DEBUG 4900 --- [           main] org.hibernate.SQL                        : select count(*) from order_records o1_0
Hibernate: select count(*) from order_records o1_0
2026-05-12T19:33:38.945+05:30 DEBUG 4900 --- [           main] org.hibernate.SQL                        : select u1_0.uid,u1_0.display_name,u1_0.email,u1_0.password_hash,u1_0.phone,u1_0.photo_url,u1_0.role,u1_0.wallet_balance from user_profiles u1_0 where u1_0.uid=?
Hibernate: select u1_0.uid,u1_0.display_name,u1_0.email,u1_0.password_hash,u1_0.phone,u1_0.photo_url,u1_0.role,u1_0.wallet_balance from user_profiles u1_0 where u1_0.uid=?
2026-05-12T19:33:39.046+05:30 DEBUG 4900 --- [           main] org.hibernate.SQL                        : insert into user_profiles (display_name,email,password_hash,phone,photo_url,role,wallet_balance,uid) values (?,?,?,?,?,?,?,?)
Hibernate: insert into user_profiles (display_name,email,password_hash,phone,photo_url,role,wallet_balance,uid) values (?,?,?,?,?,?,?,?)
2026-05-12T19:33:39.059+05:30 DEBUG 4900 --- [           main] org.hibernate.SQL                        : select u1_0.uid,u1_0.display_name,u1_0.email,u1_0.password_hash,u1_0.phone,u1_0.photo_url,u1_0.role,u1_0.wallet_balance from user_profiles u1_0 where u1_0.uid=?
Hibernate: select u1_0.uid,u1_0.display_name,u1_0.email,u1_0.password_hash,u1_0.phone,u1_0.photo_url,u1_0.role,u1_0.wallet_balance from user_profiles u1_0 where u1_0.uid=?
2026-05-12T19:33:39.070+05:30 DEBUG 4900 --- [           main] org.hibernate.SQL                        : insert into user_profiles (display_name,email,password_hash,phone,photo_url,role,wallet_balance,uid) values (?,?,?,?,?,?,?,?)
Hibernate: insert into user_profiles (display_name,email,password_hash,phone,photo_url,role,wallet_balance,uid) values (?,?,?,?,?,?,?,?)
2026-05-12T19:33:39.076+05:30 DEBUG 4900 --- [           main] org.hibernate.SQL                        : select p1_0.id,p1_0.category,p1_0.created_at,p1_0.description,p1_0.image_url,p1_0.name,p1_0.price,p1_0.quantity,p1_0.seller_id,p1_0.updated_at from products p1_0 where p1_0.id=?
Hibernate: select p1_0.id,p1_0.category,p1_0.created_at,p1_0.description,p1_0.image_url,p1_0.name,p1_0.price,p1_0.quantity,p1_0.seller_id,p1_0.updated_at from products p1_0 where p1_0.id=?
2026-05-12T19:33:39.094+05:30 DEBUG 4900 --- [           main] org.hibernate.SQL                        : select p1_0.id,p1_0.category,p1_0.created_at,p1_0.description,p1_0.image_url,p1_0.name,p1_0.price,p1_0.quantity,p1_0.seller_id,p1_0.updated_at from products p1_0 where p1_0.id=?
Hibernate: select p1_0.id,p1_0.category,p1_0.created_at,p1_0.description,p1_0.image_url,p1_0.name,p1_0.price,p1_0.quantity,p1_0.seller_id,p1_0.updated_at from products p1_0 where p1_0.id=?
2026-05-12T19:33:39.101+05:30 DEBUG 4900 --- [           main] org.hibernate.SQL                        : select p1_0.id,p1_0.category,p1_0.created_at,p1_0.description,p1_0.image_url,p1_0.name,p1_0.price,p1_0.quantity,p1_0.seller_id,p1_0.updated_at from products p1_0 where p1_0.id=?
Hibernate: select p1_0.id,p1_0.category,p1_0.created_at,p1_0.description,p1_0.image_url,p1_0.name,p1_0.price,p1_0.quantity,p1_0.seller_id,p1_0.updated_at from products p1_0 where p1_0.id=?
2026-05-12T19:33:39.103+05:30 DEBUG 4900 --- [           main] org.hibernate.SQL                        : select p1_0.id,p1_0.category,p1_0.created_at,p1_0.description,p1_0.image_url,p1_0.name,p1_0.price,p1_0.quantity,p1_0.seller_id,p1_0.updated_at from products p1_0 where p1_0.id=?
Hibernate: select p1_0.id,p1_0.category,p1_0.created_at,p1_0.description,p1_0.image_url,p1_0.name,p1_0.price,p1_0.quantity,p1_0.seller_id,p1_0.updated_at from products p1_0 where p1_0.id=?
2026-05-12T19:33:39.109+05:30 DEBUG 4900 --- [           main] org.hibernate.SQL                        : insert into products (category,created_at,description,image_url,name,price,quantity,seller_id,updated_at,id) values (?,?,?,?,?,?,?,?,?,?)
Hibernate: insert into products (category,created_at,description,image_url,name,price,quantity,seller_id,updated_at,id) values (?,?,?,?,?,?,?,?,?,?)
2026-05-12T19:33:39.109+05:30 DEBUG 4900 --- [           main] org.hibernate.SQL                        : insert into products (category,created_at,description,image_url,name,price,quantity,seller_id,updated_at,id) values (?,?,?,?,?,?,?,?,?,?)
Hibernate: insert into products (category,created_at,description,image_url,name,price,quantity,seller_id,updated_at,id) values (?,?,?,?,?,?,?,?,?,?)
2026-05-12T19:33:39.109+05:30 DEBUG 4900 --- [           main] org.hibernate.SQL                        : insert into products (category,created_at,description,image_url,name,price,quantity,seller_id,updated_at,id) values (?,?,?,?,?,?,?,?,?,?)
Hibernate: insert into products (category,created_at,description,image_url,name,price,quantity,seller_id,updated_at,id) values (?,?,?,?,?,?,?,?,?,?)
2026-05-12T19:33:39.109+05:30 DEBUG 4900 --- [           main] org.hibernate.SQL                        : insert into products (category,created_at,description,image_url,name,price,quantity,seller_id,updated_at,id) values (?,?,?,?,?,?,?,?,?,?)
Hibernate: insert into products (category,created_at,description,image_url,name,price,quantity,seller_id,updated_at,id) values (?,?,?,?,?,?,?,?,?,?)
2026-05-12T19:33:39.121+05:30 DEBUG 4900 --- [           main] org.hibernate.SQL                        : select o1_0.id,o1_0.address_json,o1_0.amount,o1_0.coupon_code,o1_0.created_at,o1_0.items_json,o1_0.payment_method,o1_0.payment_reference_id,o1_0.payment_status,o1_0.seller_ids_json,o1_0.status,o1_0.uid from order_records o1_0 where o1_0.id=?
Hibernate: select o1_0.id,o1_0.address_json,o1_0.amount,o1_0.coupon_code,o1_0.created_at,o1_0.items_json,o1_0.payment_method,o1_0.payment_reference_id,o1_0.payment_status,o1_0.seller_ids_json,o1_0.status,o1_0.uid from order_records o1_0 where o1_0.id=?
2026-05-12T19:33:39.126+05:30 DEBUG 4900 --- [           main] org.hibernate.SQL                        : select o1_0.id,o1_0.address_json,o1_0.amount,o1_0.coupon_code,o1_0.created_at,o1_0.items_json,o1_0.payment_method,o1_0.payment_reference_id,o1_0.payment_status,o1_0.seller_ids_json,o1_0.status,o1_0.uid from order_records o1_0 where o1_0.id=?
Hibernate: select o1_0.id,o1_0.address_json,o1_0.amount,o1_0.coupon_code,o1_0.created_at,o1_0.items_json,o1_0.payment_method,o1_0.payment_reference_id,o1_0.payment_status,o1_0.seller_ids_json,o1_0.status,o1_0.uid from order_records o1_0 where o1_0.id=?
2026-05-12T19:33:39.133+05:30 DEBUG 4900 --- [           main] org.hibernate.SQL                        : insert into order_records (address_json,amount,coupon_code,created_at,items_json,payment_method,payment_reference_id,payment_status,seller_ids_json,status,uid,id) values (?,?,?,?,?,?,?,?,?,?,?,?)
Hibernate: insert into order_records (address_json,amount,coupon_code,created_at,items_json,payment_method,payment_reference_id,payment_status,seller_ids_json,status,uid,id) values (?,?,?,?,?,?,?,?,?,?,?,?)
2026-05-12T19:33:39.142+05:30 DEBUG 4900 --- [           main] org.hibernate.SQL                        : insert into order_records (address_json,amount,coupon_code,created_at,items_json,payment_method,payment_reference_id,payment_status,seller_ids_json,status,uid,id) values (?,?,?,?,?,?,?,?,?,?,?,?)
Hibernate: insert into order_records (address_json,amount,coupon_code,created_at,items_json,payment_method,payment_reference_id,payment_status,seller_ids_json,status,uid,id) values (?,?,?,?,?,?,?,?,?,?,?,?)
2026-05-12T19:33:39.142+05:30 DEBUG 4900 --- [           main] org.hibernate.SQL                        : select c1_0.id,c1_0.product_id,c1_0.product_json,c1_0.quantity,c1_0.uid from cart_records c1_0 where c1_0.id=?
Hibernate: select c1_0.id,c1_0.product_id,c1_0.product_json,c1_0.quantity,c1_0.uid from cart_records c1_0 where c1_0.id=?
2026-05-12T19:33:39.151+05:30 DEBUG 4900 --- [           main] org.hibernate.SQL                        : insert into cart_records (product_id,product_json,quantity,uid,id) values (?,?,?,?,?)
Hibernate: insert into cart_records (product_id,product_json,quantity,uid,id) values (?,?,?,?,?)
2026-05-12T19:33:39.163+05:30 DEBUG 4900 --- [           main] org.hibernate.SQL                        : select w1_0.id,w1_0.product_id,w1_0.product_json,w1_0.uid from wishlist_records w1_0 where w1_0.id=?
Hibernate: select w1_0.id,w1_0.product_id,w1_0.product_json,w1_0.uid from wishlist_records w1_0 where w1_0.id=?
2026-05-12T19:33:39.168+05:30 DEBUG 4900 --- [           main] org.hibernate.SQL                        : insert into wishlist_records (product_id,product_json,uid,id) values (?,?,?,?)
Hibernate: insert into wishlist_records (product_id,product_json,uid,id) values (?,?,?,?)
2026-05-12T19:33:39.176+05:30 DEBUG 4900 --- [           main] org.hibernate.SQL                        : select c1_0.id,c1_0.address_json,c1_0.created_at,c1_0.is_default,c1_0.uid from checkout_address_records c1_0 where c1_0.id=?
Hibernate: select c1_0.id,c1_0.address_json,c1_0.created_at,c1_0.is_default,c1_0.uid from checkout_address_records c1_0 where c1_0.id=?
2026-05-12T19:33:39.181+05:30 DEBUG 4900 --- [           main] org.hibernate.SQL                        : insert into checkout_address_records (address_json,created_at,is_default,uid,id) values (?,?,?,?,?)
Hibernate: insert into checkout_address_records (address_json,created_at,is_default,uid,id) values (?,?,?,?,?)
2026-05-12T19:33:39.187+05:30 DEBUG 4900 --- [           main] org.hibernate.SQL                        : select p1_0.id,p1_0.created_at,p1_0.order_id,p1_0.payment_method,p1_0.reference_id,p1_0.status,p1_0.uid from payment_records p1_0 where p1_0.id=?
Hibernate: select p1_0.id,p1_0.created_at,p1_0.order_id,p1_0.payment_method,p1_0.reference_id,p1_0.status,p1_0.uid from payment_records p1_0 where p1_0.id=?
2026-05-12T19:33:39.192+05:30 DEBUG 4900 --- [           main] org.hibernate.SQL                        : insert into payment_records (created_at,order_id,payment_method,reference_id,status,uid,id) values (?,?,?,?,?,?,?)
Hibernate: insert into payment_records (created_at,order_id,payment_method,reference_id,status,uid,id) values (?,?,?,?,?,?,?)
2026-05-12T19:33:41.079+05:30  INFO 4900 --- [o-auto-1-exec-1] o.a.c.c.C.[Tomcat].[localhost].[/]       : Initializing Spring DispatcherServlet 'dispatcherServlet'
2026-05-12T19:33:41.079+05:30  INFO 4900 --- [o-auto-1-exec-1] o.s.web.servlet.DispatcherServlet        : Initializing Servlet 'dispatcherServlet'
2026-05-12T19:33:41.079+05:30  INFO 4900 --- [o-auto-1-exec-1] o.s.web.servlet.DispatcherServlet        : Completed initialization in 0 ms
2026-05-12T19:33:41.478+05:30 DEBUG 4900 --- [o-auto-1-exec-1] org.hibernate.SQL                        : select u1_0.uid from user_profiles u1_0 where u1_0.email=? fetch first ? rows only
Hibernate: select u1_0.uid from user_profiles u1_0 where u1_0.email=? fetch first ? rows only
2026-05-12T19:33:41.681+05:30 DEBUG 4900 --- [o-auto-1-exec-1] org.hibernate.SQL                        : select u1_0.uid,u1_0.display_name,u1_0.email,u1_0.password_hash,u1_0.phone,u1_0.photo_url,u1_0.role,u1_0.wallet_balance from user_profiles u1_0 where u1_0.uid=?
Hibernate: select u1_0.uid,u1_0.display_name,u1_0.email,u1_0.password_hash,u1_0.phone,u1_0.photo_url,u1_0.role,u1_0.wallet_balance from user_profiles u1_0 where u1_0.uid=?
2026-05-12T19:33:41.681+05:30 DEBUG 4900 --- [o-auto-1-exec-1] org.hibernate.SQL                        : insert into user_profiles (display_name,email,password_hash,phone,photo_url,role,wallet_balance,uid) values (?,?,?,?,?,?,?,?)
Hibernate: insert into user_profiles (display_name,email,password_hash,phone,photo_url,role,wallet_balance,uid) values (?,?,?,?,?,?,?,?)
2026-05-12T19:33:42.125+05:30 DEBUG 4900 --- [o-auto-1-exec-2] org.hibernate.SQL                        : select u1_0.uid,u1_0.display_name,u1_0.email,u1_0.password_hash,u1_0.phone,u1_0.photo_url,u1_0.role,u1_0.wallet_balance from user_profiles u1_0 where u1_0.email=?
Hibernate: select u1_0.uid,u1_0.display_name,u1_0.email,u1_0.password_hash,u1_0.phone,u1_0.photo_url,u1_0.role,u1_0.wallet_balance from user_profiles u1_0 where u1_0.email=?
2026-05-12T19:33:42.176+05:30 DEBUG 4900 --- [o-auto-1-exec-2] org.hibernate.SQL                        : select p1_0.id,p1_0.category,p1_0.created_at,p1_0.description,p1_0.image_url,p1_0.name,p1_0.price,p1_0.quantity,p1_0.seller_id,p1_0.updated_at from products p1_0 where p1_0.id=?
Hibernate: select p1_0.id,p1_0.category,p1_0.created_at,p1_0.description,p1_0.image_url,p1_0.name,p1_0.price,p1_0.quantity,p1_0.seller_id,p1_0.updated_at from products p1_0 where p1_0.id=?
2026-05-12T19:33:42.177+05:30 DEBUG 4900 --- [o-auto-1-exec-2] org.hibernate.SQL                        : insert into products (category,created_at,description,image_url,name,price,quantity,seller_id,updated_at,id) values (?,?,?,?,?,?,?,?,?,?)
Hibernate: insert into products (category,created_at,description,image_url,name,price,quantity,seller_id,updated_at,id) values (?,?,?,?,?,?,?,?,?,?)
2026-05-12T19:33:42.209+05:30 DEBUG 4900 --- [o-auto-1-exec-3] org.hibernate.SQL                        : select u1_0.uid,u1_0.display_name,u1_0.email,u1_0.password_hash,u1_0.phone,u1_0.photo_url,u1_0.role,u1_0.wallet_balance from user_profiles u1_0 where u1_0.email=?
Hibernate: select u1_0.uid,u1_0.display_name,u1_0.email,u1_0.password_hash,u1_0.phone,u1_0.photo_url,u1_0.role,u1_0.wallet_balance from user_profiles u1_0 where u1_0.email=?
2026-05-12T19:33:42.227+05:30 DEBUG 4900 --- [o-auto-1-exec-3] org.hibernate.SQL                        : select p1_0.id,p1_0.category,p1_0.created_at,p1_0.description,p1_0.image_url,p1_0.name,p1_0.price,p1_0.quantity,p1_0.seller_id,p1_0.updated_at from products p1_0
Hibernate: select p1_0.id,p1_0.category,p1_0.created_at,p1_0.description,p1_0.image_url,p1_0.name,p1_0.price,p1_0.quantity,p1_0.seller_id,p1_0.updated_at from products p1_0
]]></system-out>
    <system-err><![CDATA[WARNING: A Java agent has been loaded dynamically (C:\Users\aashi\.m2\repository\net\bytebuddy\byte-buddy-agent\1.14.8\byte-buddy-agent-1.14.8.jar)
WARNING: If a serviceability tool is in use, please run with -XX:+EnableDynamicAgentLoading to hide this warning
WARNING: If a serviceability tool is not in use, please run with -Djdk.instrument.traceUsage for more information
WARNING: Dynamic loading of agents will be disallowed by default in a future release
]]></system-err>
  </testcase>
</testsuite>